Using pre-set license
Built from '2022.3/staging' branch; Version is '2022.3.9f1 (ea401c316338) revision 15351836'; Using compiler version '192829333'; Build Type 'Release'
OS: 'Windows 10  (10.0.19045) 64bit CoreSingleLanguage' Language: 'en' Physical Memory: 16204 MB
BatchMode: 1, IsHumanControllingUs: 0, StartBugReporterOnCrash: 0, Is64bit: 1, IsPro: 1

COMMAND LINE ARGUMENTS:
C:\FPT Polytechnic\game_co_ban\2022.3.9f1\Editor\Unity.exe
-adb2
-batchMode
-noUpm
-name
AssetImportWorker0
-projectPath
C:/FPT Polytechnic/game_co_ban/ASM
-logFile
Logs/AssetImportWorker0.log
-srvPort
54830
Successfully changed project path to: C:/FPT Polytechnic/game_co_ban/ASM
C:/FPT Polytechnic/game_co_ban/ASM
[UnityMemory] Configuration Parameters - Can be set up in boot.config
    "memorysetup-bucket-allocator-granularity=16"
    "memorysetup-bucket-allocator-bucket-count=8"
    "memorysetup-bucket-allocator-block-size=33554432"
    "memorysetup-bucket-allocator-block-count=8"
    "memorysetup-main-allocator-block-size=16777216"
    "memorysetup-thread-allocator-block-size=16777216"
    "memorysetup-gfx-main-allocator-block-size=16777216"
    "memorysetup-gfx-thread-allocator-block-size=16777216"
    "memorysetup-cache-allocator-block-size=4194304"
    "memorysetup-typetree-allocator-block-size=2097152"
    "memorysetup-profiler-bucket-allocator-granularity=16"
    "memorysetup-profiler-bucket-allocator-bucket-count=8"
    "memorysetup-profiler-bucket-allocator-block-size=33554432"
    "memorysetup-profiler-bucket-allocator-block-count=8"
    "memorysetup-profiler-allocator-block-size=16777216"
    "memorysetup-profiler-editor-allocator-block-size=1048576"
    "memorysetup-temp-allocator-size-main=16777216"
    "memorysetup-job-temp-allocator-block-size=2097152"
    "memorysetup-job-temp-allocator-block-size-background=1048576"
    "memorysetup-job-temp-allocator-reduction-small-platforms=262144"
    "memorysetup-allocator-temp-initial-block-size-main=262144"
    "memorysetup-allocator-temp-initial-block-size-worker=262144"
    "memorysetup-temp-allocator-size-background-worker=32768"
    "memorysetup-temp-allocator-size-job-worker=262144"
    "memorysetup-temp-allocator-size-preload-manager=33554432"
    "memorysetup-temp-allocator-size-nav-mesh-worker=65536"
    "memorysetup-temp-allocator-size-audio-worker=65536"
    "memorysetup-temp-allocator-size-cloud-worker=32768"
    "memorysetup-temp-allocator-size-gi-baking-worker=262144"
    "memorysetup-temp-allocator-size-gfx=262144"
Player connection [13208] Host "[IP] 26.92.0.60 [Port] 0 [Flags] 2 [Guid] 3327541822 [EditorId] 3327541822 [Version] 1048832 [Id] WindowsEditor(7,MSI) [Debug] 1 [PackageName] WindowsEditor [ProjectName] Editor" joined multi-casting on [225.0.0.222:54997]...

Player connection [13208] Host "[IP] 26.92.0.60 [Port] 0 [Flags] 2 [Guid] 3327541822 [EditorId] 3327541822 [Version] 1048832 [Id] WindowsEditor(7,MSI) [Debug] 1 [PackageName] WindowsEditor [ProjectName] Editor" joined alternative multi-casting on [225.0.0.222:34997]...

[Physics::Module] Initialized MultithreadedJobDispatcher with 11 workers.
Refreshing native plugins compatible for Editor in 18.14 ms, found 4 plugins.
Preloading 0 native plugins for Editor in 0.00 ms.
Initialize engine version: 2022.3.9f1 (ea401c316338)
[Subsystems] Discovering subsystems at path C:/FPT Polytechnic/game_co_ban/2022.3.9f1/Editor/Data/Resources/UnitySubsystems
[Subsystems] Discovering subsystems at path C:/FPT Polytechnic/game_co_ban/ASM/Assets
GfxDevice: creating device client; threaded=0; jobified=0
Direct3D:
    Version:  Direct3D 11.0 [level 11.1]
    Renderer: NVIDIA GeForce GTX 1660 Ti (ID=0x2191)
    Vendor:   NVIDIA
    VRAM:     5979 MB
    Driver:   31.0.15.3742
Initialize mono
Mono path[0] = 'C:/FPT Polytechnic/game_co_ban/2022.3.9f1/Editor/Data/Managed'
Mono path[1] = 'C:/FPT Polytechnic/game_co_ban/2022.3.9f1/Editor/Data/MonoBleedingEdge/lib/mono/unityjit-win32'
Mono config path = 'C:/FPT Polytechnic/game_co_ban/2022.3.9f1/Editor/Data/MonoBleedingEdge/etc'
Using monoOptions --debugger-agent=transport=dt_socket,embedding=1,server=y,suspend=n,address=127.0.0.1:56560
Begin MonoManager ReloadAssembly
Registering precompiled unity dll's ...
Register platform support module: C:/FPT Polytechnic/game_co_ban/2022.3.9f1/Editor/Data/PlaybackEngines/WebGLSupport/UnityEditor.WebGL.Extensions.dll
Register platform support module: C:/FPT Polytechnic/game_co_ban/2022.3.9f1/Editor/Data/PlaybackEngines/AndroidPlayer/UnityEditor.Android.Extensions.dll
Register platform support module: C:/FPT Polytechnic/game_co_ban/2022.3.9f1/Editor/Data/PlaybackEngines/WindowsStandaloneSupport/UnityEditor.WindowsStandalone.Extensions.dll
Registered in 0.018188 seconds.
- Loaded All Assemblies, in  0.606 seconds
Native extension for WindowsStandalone target not found
Native extension for Android target not found
Android Extension - Scanning For ADB Devices 401 ms
Native extension for WebGL target not found
Mono: successfully reloaded assembly
- Finished resetting the current domain, in  0.893 seconds
Domain Reload Profiling: 1494ms
	BeginReloadAssembly (208ms)
		ExecutionOrderSort (0ms)
		DisableScriptedObjects (0ms)
		BackupInstance (0ms)
		ReleaseScriptingObjects (0ms)
		CreateAndSetChildDomain (1ms)
	RebuildCommonClasses (63ms)
	RebuildNativeTypeToScriptingClass (22ms)
	initialDomainReloadingComplete (100ms)
	LoadAllAssembliesAndSetupDomain (208ms)
		LoadAssemblies (187ms)
		RebuildTransferFunctionScriptingTraits (0ms)
		AnalyzeDomain (204ms)
			TypeCache.Refresh (203ms)
				TypeCache.ScanAssembly (186ms)
			ScanForSourceGeneratedMonoScriptInfo (0ms)
			ResolveRequiredComponents (1ms)
	FinalizeReload (894ms)
		ReleaseScriptCaches (0ms)
		RebuildScriptCaches (0ms)
		SetupLoadedEditorAssemblies (813ms)
			LogAssemblyErrors (0ms)
			InitializePlatformSupportModulesInManaged (562ms)
			SetLoadedEditorAssemblies (8ms)
			RefreshPlugins (0ms)
			BeforeProcessingInitializeOnLoad (5ms)
			ProcessInitializeOnLoadAttributes (166ms)
			ProcessInitializeOnLoadMethodAttributes (73ms)
			AfterProcessingInitializeOnLoad (0ms)
			EditorAssembliesLoaded (0ms)
		ExecutionOrderSort2 (0ms)
		AwakeInstancesAfterBackupRestoration (0ms)
========================================================================
Worker process is ready to serve import requests
Begin MonoManager ReloadAssembly
- Loaded All Assemblies, in  4.786 seconds
Refreshing native plugins compatible for Editor in 187.18 ms, found 4 plugins.
Native extension for WindowsStandalone target not found
Native extension for Android target not found
Native extension for WebGL target not found
Package Manager log level set to [2]
[Package Manager] Server::EnsureServerProcessIsRunning -- launch failed, reason: Unity was launched with the -noUpm command-line argument
[Package Manager] UpmClient::Send -- Unable to send message (not connected to UPM process).
[Package Manager] Cannot connect to Unity Package Manager local server
Mono: successfully reloaded assembly
- Finished resetting the current domain, in  3.789 seconds
Domain Reload Profiling: 8533ms
	BeginReloadAssembly (592ms)
		ExecutionOrderSort (0ms)
		DisableScriptedObjects (19ms)
		BackupInstance (0ms)
		ReleaseScriptingObjects (0ms)
		CreateAndSetChildDomain (54ms)
	RebuildCommonClasses (283ms)
	RebuildNativeTypeToScriptingClass (32ms)
	initialDomainReloadingComplete (289ms)
	LoadAllAssembliesAndSetupDomain (3546ms)
		LoadAssemblies (2196ms)
		RebuildTransferFunctionScriptingTraits (0ms)
		AnalyzeDomain (1697ms)
			TypeCache.Refresh (1514ms)
				TypeCache.ScanAssembly (1236ms)
			ScanForSourceGeneratedMonoScriptInfo (160ms)
			ResolveRequiredComponents (21ms)
	FinalizeReload (3790ms)
		ReleaseScriptCaches (0ms)
		RebuildScriptCaches (0ms)
		SetupLoadedEditorAssemblies (3256ms)
			LogAssemblyErrors (0ms)
			InitializePlatformSupportModulesInManaged (237ms)
			SetLoadedEditorAssemblies (11ms)
			RefreshPlugins (0ms)
			BeforeProcessingInitializeOnLoad (1140ms)
			ProcessInitializeOnLoadAttributes (1714ms)
			ProcessInitializeOnLoadMethodAttributes (135ms)
			AfterProcessingInitializeOnLoad (19ms)
			EditorAssembliesLoaded (0ms)
		ExecutionOrderSort2 (0ms)
		AwakeInstancesAfterBackupRestoration (12ms)
Launched and connected shader compiler UnityShaderCompiler.exe after 0.45 seconds
Refreshing native plugins compatible for Editor in 29.53 ms, found 4 plugins.
Preloading 0 native plugins for Editor in 0.00 ms.
Unloading 4060 Unused Serialized files (Serialized files now loaded: 0)
Unloading 63 unused Assets / (60.6 KB). Loaded Objects now: 4527.
Memory consumption went from 146.9 MB to 146.8 MB.
Total: 9.734200 ms (FindLiveObjects: 0.492700 ms CreateObjectMapping: 2.790800 ms MarkObjects: 6.233100 ms  DeleteObjects: 0.215800 ms)

AssetImportParameters requested are different than current active one (requested -> active):
  custom:container-demuxer-ogg: 62fdf1f143b41e24485cea50d1cbac27 -> 
  custom:video-decoder-ogg-theora: a1e56fd34408186e4bbccfd4996cb3dc -> 
  custom:framework-win-MediaFoundation: 216162199b28c13a410421893ffa2e32 -> 
  custom:container-demuxer-webm: 4f35f7cbe854078d1ac9338744f61a02 -> 
  custom:container-muxer-webm: aa71ff27fc2769a1b78a27578f13a17b -> 
  custom:video-decoder-webm-vp8: 9c59270c3fd7afecdb556c50c9e8de78 -> 
  custom:AudioImporter_EditorPlatform: d09bf68614088b80899f8185d706f6e7 -> 
  custom:video-encoder-webm-vp8: eb34c28f22e8b96e1ab97ce403110664 -> 
  custom:audio-decoder-ogg-vorbis: bf7c407c2cedff20999df2af8eb42d56 -> 
  custom:audio-encoder-webm-vorbis: bf7c407c2cedff20999df2af8eb42d56 -> 
========================================================================
Received Import Request.
  Time since last request: 121057.659819 seconds.
  path: Assets/Scripst/TrangThaiNV.cs
  artifactKey: Guid(fc0bf58593e60b9489fa61641aad8aaa) Importer(815301076,1909f56bfc062723c751e8b465ee728b)
Start importing Assets/Scripst/TrangThaiNV.cs using Guid(fc0bf58593e60b9489fa61641aad8aaa) Importer(815301076,1909f56bfc062723c751e8b465ee728b)  -> (artifact id: '36d0eb10bea1852d20a67f570622004a') in 0.003503 seconds
Number of updated asset objects reloaded before import = 0
Number of asset objects unloaded after import = 0
========================================================================
Received Prepare
Refreshing native plugins compatible for Editor in 22.53 ms, found 4 plugins.
Preloading 0 native plugins for Editor in 0.00 ms.
Unloading 0 Unused Serialized files (Serialized files now loaded: 0)
Unloading 1 unused Assets / (0.8 KB). Loaded Objects now: 4527.
Memory consumption went from 77.8 MB to 77.8 MB.
Total: 7.337200 ms (FindLiveObjects: 0.565900 ms CreateObjectMapping: 0.479800 ms MarkObjects: 6.257700 ms  DeleteObjects: 0.032400 ms)

Prepare: number of updated asset objects reloaded= 0
AssetImportParameters requested are different than current active one (requested -> active):
  custom:container-demuxer-ogg: 62fdf1f143b41e24485cea50d1cbac27 -> 
  custom:video-decoder-ogg-theora: a1e56fd34408186e4bbccfd4996cb3dc -> 
  custom:framework-win-MediaFoundation: 216162199b28c13a410421893ffa2e32 -> 
  custom:CustomObjectIndexerAttribute: 756ad292c208cfabdd7b50bc23989ffe -> 
  custom:container-demuxer-webm: 4f35f7cbe854078d1ac9338744f61a02 -> 
  custom:container-muxer-webm: aa71ff27fc2769a1b78a27578f13a17b -> 
  custom:video-decoder-webm-vp8: 9c59270c3fd7afecdb556c50c9e8de78 -> 
  custom:SearchIndexIgnoredProperties: e643bd26f0fe6173181afceb89e7c659 -> 
  custom:AudioImporter_EditorPlatform: d09bf68614088b80899f8185d706f6e7 -> 
  custom:video-encoder-webm-vp8: eb34c28f22e8b96e1ab97ce403110664 -> 
  custom:audio-decoder-ogg-vorbis: bf7c407c2cedff20999df2af8eb42d56 -> 
  custom:audio-encoder-webm-vorbis: bf7c407c2cedff20999df2af8eb42d56 -> 
========================================================================
Received Import Request.
  Time since last request: 236.414397 seconds.
  path: Assets/Sounds/384468__frankum__vintage-elecro-pop-loop.mp3
  artifactKey: Guid(815fef854bd7191478eab0e1be48ebe4) Importer(815301076,1909f56bfc062723c751e8b465ee728b)
Start importing Assets/Sounds/384468__frankum__vintage-elecro-pop-loop.mp3 using Guid(815fef854bd7191478eab0e1be48ebe4) Importer(815301076,1909f56bfc062723c751e8b465ee728b)  -> (artifact id: '0f3178a24bce2ea652583001f9a19fcb') in 0.105793 seconds
Number of updated asset objects reloaded before import = 0
Number of asset objects unloaded after import = 2
========================================================================
Received Import Request.
  Time since last request: 0.000017 seconds.
  path: Assets/Sounds/lost.wav
  artifactKey: Guid(a7e5c88a32898a747a70430fedad3224) Importer(815301076,1909f56bfc062723c751e8b465ee728b)
Start importing Assets/Sounds/lost.wav using Guid(a7e5c88a32898a747a70430fedad3224) Importer(815301076,1909f56bfc062723c751e8b465ee728b)  -> (artifact id: 'b13c2e5d544731d242b641935644596b') in 0.021306 seconds
Number of updated asset objects reloaded before import = 0
Number of asset objects unloaded after import = 2
========================================================================
Received Import Request.
  Time since last request: 0.000039 seconds.
  path: Assets/Sounds/hurt.wav
  artifactKey: Guid(ca171eef02bb92a44a5238736d894f9c) Importer(815301076,1909f56bfc062723c751e8b465ee728b)
Start importing Assets/Sounds/hurt.wav using Guid(ca171eef02bb92a44a5238736d894f9c) Importer(815301076,1909f56bfc062723c751e8b465ee728b)  -> (artifact id: 'b3e127c9fb64320ff59c390b8883d0e7') in 0.023182 seconds
Number of updated asset objects reloaded before import = 0
Number of asset objects unloaded after import = 2
========================================================================
Received Import Request.
  Time since last request: 2.670442 seconds.
  path: Assets/Sprites/button-removebg-preview.png
  artifactKey: Guid(e65e6a6971f6b6a48852caab1a262434) Importer(815301076,1909f56bfc062723c751e8b465ee728b)
Start importing Assets/Sprites/button-removebg-preview.png using Guid(e65e6a6971f6b6a48852caab1a262434) Importer(815301076,1909f56bfc062723c751e8b465ee728b)  -> (artifact id: '3cffdf62cbac843aaada3dcff354c7dc') in 0.344598 seconds
Number of updated asset objects reloaded before import = 0
Number of asset objects unloaded after import = 74
========================================================================
Received Import Request.
  Time since last request: 1.854868 seconds.
  path: Assets/Sprites/slLeverl-removebg-preview.png
  artifactKey: Guid(3465b689d0804e5448eec355ef0cb852) Importer(815301076,1909f56bfc062723c751e8b465ee728b)
Start importing Assets/Sprites/slLeverl-removebg-preview.png using Guid(3465b689d0804e5448eec355ef0cb852) Importer(815301076,1909f56bfc062723c751e8b465ee728b)  -> (artifact id: 'd9c31a53b15150854ad535b0eb07e331') in 0.067567 seconds
Number of updated asset objects reloaded before import = 0
Number of asset objects unloaded after import = 6
========================================================================
Received Import Request.
  Time since last request: 0.000015 seconds.
  path: Assets/Sprites/youLost-removebg-preview.png
  artifactKey: Guid(e01713956ce0c01418eef01fc1485e25) Importer(815301076,1909f56bfc062723c751e8b465ee728b)
Start importing Assets/Sprites/youLost-removebg-preview.png using Guid(e01713956ce0c01418eef01fc1485e25) Importer(815301076,1909f56bfc062723c751e8b465ee728b)  -> (artifact id: '1d4eaf4f8a51e9702fd320f6b8a77948') in 0.042533 seconds
Number of updated asset objects reloaded before import = 0
Number of asset objects unloaded after import = 3
========================================================================
Received Import Request.
  Time since last request: 0.000016 seconds.
  path: Assets/Sprites/youWin-removebg-preview.png
  artifactKey: Guid(9468b71af14a44c47bae6306f2f33b63) Importer(815301076,1909f56bfc062723c751e8b465ee728b)
Start importing Assets/Sprites/youWin-removebg-preview.png using Guid(9468b71af14a44c47bae6306f2f33b63) Importer(815301076,1909f56bfc062723c751e8b465ee728b)  -> (artifact id: '3b5986956f936acdadfd8bd46b84c446') in 0.038184 seconds
Number of updated asset objects reloaded before import = 0
Number of asset objects unloaded after import = 3
========================================================================
Received Import Request.
  Time since last request: 18.980423 seconds.
  path: Assets/Sprites/bg/background_layer_2.png
  artifactKey: Guid(56d3b1391ea5a10409a3ae7039eef2ce) Importer(815301076,1909f56bfc062723c751e8b465ee728b)
Start importing Assets/Sprites/bg/background_layer_2.png using Guid(56d3b1391ea5a10409a3ae7039eef2ce) Importer(815301076,1909f56bfc062723c751e8b465ee728b)  -> (artifact id: 'de5bfb948e28e6143cd9f626891f7228') in 0.031738 seconds
Number of updated asset objects reloaded before import = 0
Number of asset objects unloaded after import = 3
========================================================================
Received Import Request.
  Time since last request: 0.000019 seconds.
  path: Assets/Sprites/bg/hell-beast-breath.png
  artifactKey: Guid(b140e689e93068f45b0195dae7e5d9ff) Importer(815301076,1909f56bfc062723c751e8b465ee728b)
Start importing Assets/Sprites/bg/hell-beast-breath.png using Guid(b140e689e93068f45b0195dae7e5d9ff) Importer(815301076,1909f56bfc062723c751e8b465ee728b)  -> (artifact id: '922cf11c4a1ec5ddc17232ff96e16478') in 0.042383 seconds
Number of updated asset objects reloaded before import = 0
Number of asset objects unloaded after import = 6
========================================================================
Received Import Request.
  Time since last request: 3.918524 seconds.
  path: Assets/Sprites/playAgain/bgrd_tree2.png
  artifactKey: Guid(4095e8e26b7d0f44f8ad7e363a83531f) Importer(815301076,1909f56bfc062723c751e8b465ee728b)
Start importing Assets/Sprites/playAgain/bgrd_tree2.png using Guid(4095e8e26b7d0f44f8ad7e363a83531f) Importer(815301076,1909f56bfc062723c751e8b465ee728b)  -> (artifact id: 'f0244c72662e6c2bbe530d366333ee3a') in 0.029939 seconds
Number of updated asset objects reloaded before import = 0
Number of asset objects unloaded after import = 3
========================================================================
Received Import Request.
  Time since last request: 0.000014 seconds.
  path: Assets/Sprites/playAgain/bgrd_tree4.png
  artifactKey: Guid(c9f45350db295464f9f90108b620b1c3) Importer(815301076,1909f56bfc062723c751e8b465ee728b)
Start importing Assets/Sprites/playAgain/bgrd_tree4.png using Guid(c9f45350db295464f9f90108b620b1c3) Importer(815301076,1909f56bfc062723c751e8b465ee728b)  -> (artifact id: '673ea5f1210ba8d093597e3599729c65') in 0.027791 seconds
Number of updated asset objects reloaded before import = 0
Number of asset objects unloaded after import = 3
Editor requested this worker to shutdown with reason: Scaling down because of idle timeout
TcpMessagingSession - receive error: operation aborted. errorcode: 995, details: The I/O operation has been aborted because of either a thread exit or an application request.
AssetImportWorker is now disconnected from the server
Process exiting
Exiting without the bug reporter. Application will terminate with return code 0